"C:\Users\Alena Pashkevich\.CLion2018.3\system\cygwin_cmake\bin\cmake.exe" -DCMAKE_BUILD_TYPE=Debug -G "CodeBlocks - Unix Makefiles" "/cygdrive/c/Users/Alena Pashkevich/CLionProjects/OS_4"
-- The C compiler identification is GNU 6.4.0
-- Check for working C compiler: /cygdrive/c/cygwin64/bin/cc
-- Check for working C compiler: /cygdrive/c/cygwin64/bin/cc -- broken
CMake Error at /cygdrive/c/Users/Alena Pashkevich/.CLion2018.3/system/cygwin_cmake/share/cmake-3.13.0/Modules/CMakeTestCCompiler.cmake:52 (message):
  The C compiler

    "/cygdrive/c/cygwin64/bin/cc"

  is not able to compile a simple test program.

  It fails with the following output:

    Change Dir: /cmake-build-debug/CMakeFiles/CMakeTmp
    
    Run Build Command:"/cygdrive/c/cygwin64/bin/make.exe" "cmTC_d1bb8/fast"
    /cygdrive/c/cygwin64/bin/make -f CMakeFiles/cmTC_d1bb8.dir/build.make CMakeFiles/cmTC_d1bb8.dir/build
    make[1]: Entering directory '/cmake-build-debug/CMakeFiles/CMakeTmp'
    make[1]: /bin/sh: Command not found
    make[1]: *** [CMakeFiles/cmTC_d1bb8.dir/build.make:65: CMakeFiles/cmTC_d1bb8.dir/testCCompiler.c.o] Error 127
    make[1]: Leaving directory '/cmake-build-debug/CMakeFiles/CMakeTmp'
    make: *** [Makefile:121: cmTC_d1bb8/fast] Error 2
    

  

  CMake will not be able to correctly generate this project.
Call Stack (most recent call first):
  CMakeLists.txt:2 (project)


-- Configuring incomplete, errors occurred!
See also "/cmake-build-debug/CMakeFiles/CMakeOutput.log".
See also "/cmake-build-debug/CMakeFiles/CMakeError.log".
